Determining if the pthread_create exist failed with the following output:
Change Dir: /home/jackho/ROS_FRAME_FOR_EXO/catkin_ws/build/CMakeFiles/CMakeTmp

Run Build Command:"/usr/bin/make" "cmTC_79c83/fast"
/usr/bin/make -f CMakeFiles/cmTC_79c83.dir/build.make CMakeFiles/cmTC_79c83.dir/build
make[1]: Entering directory '/home/jackho/ROS_FRAME_FOR_EXO/catkin_ws/build/CMakeFiles/CMakeTmp'
Building C object CMakeFiles/cmTC_79c83.dir/CheckSymbolExists.c.o
/usr/bin/cc     -o CMakeFiles/cmTC_79c83.dir/CheckSymbolExists.c.o   -c /home/jackho/ROS_FRAME_FOR_EXO/catkin_ws/build/CMakeFiles/CMakeTmp/CheckSymbolExists.c
Linking C executable cmTC_79c83
/usr/bin/cmake -E cmake_link_script CMakeFiles/cmTC_79c83.dir/link.txt --verbose=1
/usr/bin/cc       CMakeFiles/cmTC_79c83.dir/CheckSymbolExists.c.o  -o cmTC_79c83 -rdynamic 
CMakeFiles/cmTC_79c83.dir/CheckSymbolExists.c.o: In function `main':
CheckSymbolExists.c:(.text+0x16): undefined reference to `pthread_create'
collect2: error: ld returned 1 exit status
CMakeFiles/cmTC_79c83.dir/build.make:97: recipe for target 'cmTC_79c83' failed
make[1]: *** [cmTC_79c83] Error 1
make[1]: Leaving directory '/home/jackho/ROS_FRAME_FOR_EXO/catkin_ws/build/CMakeFiles/CMakeTmp'
Makefile:126: recipe for target 'cmTC_79c83/fast' failed
make: *** [cmTC_79c83/fast] Error 2

File /home/jackho/ROS_FRAME_FOR_EXO/catkin_ws/build/CMakeFiles/CMakeTmp/CheckSymbolExists.c:
/* */
#include <pthread.h>

int main(int argc, char** argv)
{
  (void)argv;
#ifndef pthread_create
  return ((int*)(&pthread_create))[argc];
#else
  (void)argc;
  return 0;
#endif
}

Determining if the function pthread_create exists in the pthreads failed with the following output:
Change Dir: /home/jackho/ROS_FRAME_FOR_EXO/catkin_ws/build/CMakeFiles/CMakeTmp

Run Build Command:"/usr/bin/make" "cmTC_07028/fast"
/usr/bin/make -f CMakeFiles/cmTC_07028.dir/build.make CMakeFiles/cmTC_07028.dir/build
make[1]: Entering directory '/home/jackho/ROS_FRAME_FOR_EXO/catkin_ws/build/CMakeFiles/CMakeTmp'
Building C object CMakeFiles/cmTC_07028.dir/CheckFunctionExists.c.o
/usr/bin/cc    -DCHECK_FUNCTION_EXISTS=pthread_create   -o CMakeFiles/cmTC_07028.dir/CheckFunctionExists.c.o   -c /usr/share/cmake-3.5/Modules/CheckFunctionExists.c
Linking C executable cmTC_07028
/usr/bin/cmake -E cmake_link_script CMakeFiles/cmTC_07028.dir/link.txt --verbose=1
/usr/bin/cc   -DCHECK_FUNCTION_EXISTS=pthread_create    CMakeFiles/cmTC_07028.dir/CheckFunctionExists.c.o  -o cmTC_07028 -rdynamic -lpthreads 
/usr/bin/ld: cannot find -lpthreads
collect2: error: ld returned 1 exit status
CMakeFiles/cmTC_07028.dir/build.make:97: recipe for target 'cmTC_07028' failed
make[1]: *** [cmTC_07028] Error 1
make[1]: Leaving directory '/home/jackho/ROS_FRAME_FOR_EXO/catkin_ws/build/CMakeFiles/CMakeTmp'
Makefile:126: recipe for target 'cmTC_07028/fast' failed
make: *** [cmTC_07028/fast] Error 2


